<?xml version="1.0" encoding="UTF-8"?>
<testng-results skipped="0" failed="2" ignored="0" total="4" passed="2">
  <reporter-output>
  </reporter-output>
  <suite name="Default suite" duration-ms="36876" started-at="2019-12-11T10:01:23Z" finished-at="2019-12-11T10:02:00Z">
    <groups>
    </groups>
    <test name="Default test" duration-ms="36876" started-at="2019-12-11T10:01:23Z" finished-at="2019-12-11T10:02:00Z">
      <class name="com.edu.lijiaqi.reim.ReimSearch">
        <test-method status="PASS" signature="doBeforeClass()[pri:0, instance:com.edu.lijiaqi.reim.ReimSearch@3bfdc050]" name="doBeforeClass" is-config="true" duration-ms="17035" started-at="2019-12-11T10:01:23Z" finished-at="2019-12-11T10:01:40Z">
          <reporter-output>
          </reporter-output>
        </test-method> <!-- doBeforeClass -->
        <test-method status="PASS" signature="searchDemo1(java.lang.String)[pri:0, instance:com.edu.lijiaqi.reim.ReimSearch@3bfdc050]" name="searchDemo1" duration-ms="9011" started-at="2019-12-11T10:01:41Z" description="输入搜索" data-provider="data3" finished-at="2019-12-11T10:01:50Z">
          <params>
            <param index="0">
              <value>
                <![CDATA[貂蝉]]>
              </value>
            </param>
          </params>
          <reporter-output>
          </reporter-output>
        </test-method> <!-- searchDemo1 -->
        <test-method status="PASS" signature="searchDemo1(java.lang.String)[pri:0, instance:com.edu.lijiaqi.reim.ReimSearch@3bfdc050]" name="searchDemo1" duration-ms="2092" started-at="2019-12-11T10:01:50Z" description="输入搜索" data-provider="data3" finished-at="2019-12-11T10:01:52Z">
          <params>
            <param index="0">
              <value>
                <![CDATA[貂]]>
              </value>
            </param>
          </params>
          <reporter-output>
          </reporter-output>
        </test-method> <!-- searchDemo1 -->
        <test-method status="FAIL" signature="searchDemo1(java.lang.String)[pri:0, instance:com.edu.lijiaqi.reim.ReimSearch@3bfdc050]" name="searchDemo1" duration-ms="2081" started-at="2019-12-11T10:01:52Z" description="输入搜索" data-provider="data3" finished-at="2019-12-11T10:01:54Z">
          <params>
            <param index="0">
              <value>
                <![CDATA[考勤打卡]]>
              </value>
            </param>
          </params>
          <exception class="java.lang.AssertionError">
            <message>
              <![CDATA[expected [true] but found [false]]]>
            </message>
            <full-stacktrace>
              <![CDATA[java.lang.AssertionError: expected [true] but found [false]
at org.testng.Assert.fail(Assert.java:96)
at org.testng.Assert.failNotEquals(Assert.java:776)
at org.testng.Assert.assertTrue(Assert.java:44)
at org.testng.Assert.assertTrue(Assert.java:54)
at com.edu.lijiaqi.reim.ReimSearch.searchDemo1(ReimSearch.java:31)
at sun.reflect.NativeMethodAccessorImpl.invoke0(Native Method)
at sun.reflect.NativeMethodAccessorImpl.invoke(NativeMethodAccessorImpl.java:62)
at sun.reflect.DelegatingMethodAccessorImpl.invoke(DelegatingMethodAccessorImpl.java:43)
at java.lang.reflect.Method.invoke(Method.java:498)
at org.testng.internal.MethodInvocationHelper.invokeMethod(MethodInvocationHelper.java:124)
at org.testng.internal.Invoker.invokeMethod(Invoker.java:583)
at org.testng.internal.Invoker.invokeTestMethod(Invoker.java:719)
at org.testng.internal.Invoker.invokeTestMethods(Invoker.java:989)
at org.testng.internal.TestMethodWorker.invokeTestMethods(TestMethodWorker.java:125)
at org.testng.internal.TestMethodWorker.run(TestMethodWorker.java:109)
at org.testng.TestRunner.privateRun(TestRunner.java:648)
at org.testng.TestRunner.run(TestRunner.java:505)
at org.testng.SuiteRunner.runTest(SuiteRunner.java:455)
at org.testng.SuiteRunner.runSequentially(SuiteRunner.java:450)
at org.testng.SuiteRunner.privateRun(SuiteRunner.java:415)
at org.testng.SuiteRunner.run(SuiteRunner.java:364)
at org.testng.SuiteRunnerWorker.runSuite(SuiteRunnerWorker.java:52)
at org.testng.SuiteRunnerWorker.run(SuiteRunnerWorker.java:84)
at org.testng.TestNG.runSuitesSequentially(TestNG.java:1208)
at org.testng.TestNG.runSuitesLocally(TestNG.java:1137)
at org.testng.TestNG.runSuites(TestNG.java:1049)
at org.testng.TestNG.run(TestNG.java:1017)
at org.testng.remote.AbstractRemoteTestNG.run(AbstractRemoteTestNG.java:115)
at org.testng.remote.RemoteTestNG.initAndRun(RemoteTestNG.java:251)
at org.testng.remote.RemoteTestNG.main(RemoteTestNG.java:77)
]]>
            </full-stacktrace>
          </exception> <!-- java.lang.AssertionError -->
          <reporter-output>
          </reporter-output>
        </test-method> <!-- searchDemo1 -->
        <test-method status="FAIL" signature="searchDemo1(java.lang.String)[pri:0, instance:com.edu.lijiaqi.reim.ReimSearch@3bfdc050]" name="searchDemo1" duration-ms="2090" started-at="2019-12-11T10:01:54Z" description="输入搜索" data-provider="data3" finished-at="2019-12-11T10:01:56Z">
          <params>
            <param index="0">
              <value>
                <![CDATA[打卡]]>
              </value>
            </param>
          </params>
          <exception class="java.lang.AssertionError">
            <message>
              <![CDATA[expected [true] but found [false]]]>
            </message>
            <full-stacktrace>
              <![CDATA[java.lang.AssertionError: expected [true] but found [false]
at org.testng.Assert.fail(Assert.java:96)
at org.testng.Assert.failNotEquals(Assert.java:776)
at org.testng.Assert.assertTrue(Assert.java:44)
at org.testng.Assert.assertTrue(Assert.java:54)
at com.edu.lijiaqi.reim.ReimSearch.searchDemo1(ReimSearch.java:31)
at sun.reflect.NativeMethodAccessorImpl.invoke0(Native Method)
at sun.reflect.NativeMethodAccessorImpl.invoke(NativeMethodAccessorImpl.java:62)
at sun.reflect.DelegatingMethodAccessorImpl.invoke(DelegatingMethodAccessorImpl.java:43)
at java.lang.reflect.Method.invoke(Method.java:498)
at org.testng.internal.MethodInvocationHelper.invokeMethod(MethodInvocationHelper.java:124)
at org.testng.internal.Invoker.invokeMethod(Invoker.java:583)
at org.testng.internal.Invoker.invokeTestMethod(Invoker.java:719)
at org.testng.internal.Invoker.invokeTestMethods(Invoker.java:989)
at org.testng.internal.TestMethodWorker.invokeTestMethods(TestMethodWorker.java:125)
at org.testng.internal.TestMethodWorker.run(TestMethodWorker.java:109)
at org.testng.TestRunner.privateRun(TestRunner.java:648)
at org.testng.TestRunner.run(TestRunner.java:505)
at org.testng.SuiteRunner.runTest(SuiteRunner.java:455)
at org.testng.SuiteRunner.runSequentially(SuiteRunner.java:450)
at org.testng.SuiteRunner.privateRun(SuiteRunner.java:415)
at org.testng.SuiteRunner.run(SuiteRunner.java:364)
at org.testng.SuiteRunnerWorker.runSuite(SuiteRunnerWorker.java:52)
at org.testng.SuiteRunnerWorker.run(SuiteRunnerWorker.java:84)
at org.testng.TestNG.runSuitesSequentially(TestNG.java:1208)
at org.testng.TestNG.runSuitesLocally(TestNG.java:1137)
at org.testng.TestNG.runSuites(TestNG.java:1049)
at org.testng.TestNG.run(TestNG.java:1017)
at org.testng.remote.AbstractRemoteTestNG.run(AbstractRemoteTestNG.java:115)
at org.testng.remote.RemoteTestNG.initAndRun(RemoteTestNG.java:251)
at org.testng.remote.RemoteTestNG.main(RemoteTestNG.java:77)
]]>
            </full-stacktrace>
          </exception> <!-- java.lang.AssertionError -->
          <reporter-output>
          </reporter-output>
        </test-method> <!-- searchDemo1 -->
        <test-method status="PASS" signature="doAfterClass()[pri:0, instance:com.edu.lijiaqi.reim.ReimSearch@3bfdc050]" name="doAfterClass" is-config="true" duration-ms="4077" started-at="2019-12-11T10:01:56Z" finished-at="2019-12-11T10:02:00Z">
          <reporter-output>
          </reporter-output>
        </test-method> <!-- doAfterClass -->
      </class> <!-- com.edu.lijiaqi.reim.ReimSearch -->
    </test> <!-- Default test -->
  </suite> <!-- Default suite -->
</testng-results>
