<?xml version="1.0" encoding="UTF-8"?>
<!-- Generated by org.testng.reporters.JUnitXMLReporter -->
<testsuite hostname="小琪琪的XPro" ignored="0" name="test1" tests="13" failures="7" timestamp="04 十二月 2019 02:37:39 GMT" time="153.08" errors="0">
  <testcase name="searchDemo1" time="8.988" classname="com.webtest.xinhu.reim.ReimSearch"/>
  <testcase name="searchDemo2" time="2.069" classname="com.webtest.xinhu.reim.ReimSearch"/>
  <testcase name="searchDemo3" time="2.055" classname="com.webtest.xinhu.reim.ReimSearch">
    <failure type="java.lang.AssertionError" message="expected [true] but found [false]">
      <![CDATA[java.lang.AssertionError: expected [true] but found [false]
at com.webtest.xinhu.reim.ReimSearch.searchDemo3(ReimSearch.java:29)
... Removed 29 stack frames]]>
    </failure>
  </testcase> <!-- searchDemo3 -->
  <testcase name="searchDemo4" time="2.052" classname="com.webtest.xinhu.reim.ReimSearch">
    <failure type="java.lang.AssertionError" message="expected [true] but found [false]">
      <![CDATA[java.lang.AssertionError: expected [true] but found [false]
at com.webtest.xinhu.reim.ReimSearch.searchDemo4(ReimSearch.java:34)
... Removed 29 stack frames]]>
    </failure>
  </testcase> <!-- searchDemo4 -->
  <testcase name="chatDemo1" time="9.695" classname="com.webtest.xinhu.reim.ReimChat">
    <failure type="java.lang.IndexOutOfBoundsException" message="Index: 1, Size: 1">
      <![CDATA[java.lang.IndexOutOfBoundsException: Index: 1, Size: 1
at java.util.ArrayList.rangeCheck(ArrayList.java:657)
at java.util.ArrayList.get(ArrayList.java:433)
at com.webtest.core.WebDriverEngine.switchWidow(WebDriverEngine.java:269)
at com.webtest.xinhu.reim.ReimChat.InitDemo(ReimChat.java:16)
at com.webtest.xinhu.reim.ReimChat.chatDemo1(ReimChat.java:22)
... Removed 25 stack frames]]>
    </failure>
  </testcase> <!-- chatDemo1 -->
  <testcase name="chatDemo2" time="9.679" classname="com.webtest.xinhu.reim.ReimChat">
    <failure type="java.lang.IndexOutOfBoundsException" message="Index: 1, Size: 1">
      <![CDATA[java.lang.IndexOutOfBoundsException: Index: 1, Size: 1
at java.util.ArrayList.rangeCheck(ArrayList.java:657)
at java.util.ArrayList.get(ArrayList.java:433)
at com.webtest.core.WebDriverEngine.switchWidow(WebDriverEngine.java:269)
at com.webtest.xinhu.reim.ReimChat.InitDemo(ReimChat.java:16)
at com.webtest.xinhu.reim.ReimChat.chatDemo2(ReimChat.java:29)
... Removed 25 stack frames]]>
    </failure>
  </testcase> <!-- chatDemo2 -->
  <testcase name="chatDemo3" time="9.666" classname="com.webtest.xinhu.reim.ReimChat">
    <failure type="java.lang.IndexOutOfBoundsException" message="Index: 1, Size: 1">
      <![CDATA[java.lang.IndexOutOfBoundsException: Index: 1, Size: 1
at java.util.ArrayList.rangeCheck(ArrayList.java:657)
at java.util.ArrayList.get(ArrayList.java:433)
at com.webtest.core.WebDriverEngine.switchWidow(WebDriverEngine.java:269)
at com.webtest.xinhu.reim.ReimChat.InitDemo(ReimChat.java:16)
at com.webtest.xinhu.reim.ReimChat.chatDemo3(ReimChat.java:36)
... Removed 25 stack frames]]>
    </failure>
  </testcase> <!-- chatDemo3 -->
  <testcase name="chatDemo4" time="9.668" classname="com.webtest.xinhu.reim.ReimChat">
    <failure type="java.lang.IndexOutOfBoundsException" message="Index: 1, Size: 1">
      <![CDATA[java.lang.IndexOutOfBoundsException: Index: 1, Size: 1
at java.util.ArrayList.rangeCheck(ArrayList.java:657)
at java.util.ArrayList.get(ArrayList.java:433)
at com.webtest.core.WebDriverEngine.switchWidow(WebDriverEngine.java:269)
at com.webtest.xinhu.reim.ReimChat.InitDemo(ReimChat.java:16)
at com.webtest.xinhu.reim.ReimChat.chatDemo4(ReimChat.java:43)
... Removed 25 stack frames]]>
    </failure>
  </testcase> <!-- chatDemo4 -->
  <testcase name="setDemo1" time="10.113" classname="com.webtest.xinhu.reim.ReimSet"/>
  <testcase name="setDemo2" time="14.937" classname="com.webtest.xinhu.reim.ReimSet"/>
  <testcase name="setDemo3" time="8.487" classname="com.webtest.xinhu.reim.ReimSet">
    <failure type="java.lang.AssertionError" message="expected [true] but found [false]">
      <![CDATA[java.lang.AssertionError: expected [true] but found [false]
at com.webtest.xinhu.reim.ReimSet.setDemo3(ReimSet.java:36)
... Removed 29 stack frames]]>
    </failure>
  </testcase> <!-- setDemo3 -->
  <testcase name="setDemo4" time="8.481" classname="com.webtest.xinhu.reim.ReimSet"/>
  <testcase name="setDemo5" time="3.131" classname="com.webtest.xinhu.reim.ReimSet"/>
</testsuite> <!-- test1 -->
