<?xml version="1.0" encoding="UTF-8"?>
<testng-results skipped="0" failed="0" ignored="0" total="4" passed="4">
  <reporter-output>
  </reporter-output>
  <suite name="Default suite" duration-ms="100148" started-at="2019-12-08T16:09:58Z" finished-at="2019-12-08T16:11:38Z">
    <groups>
    </groups>
    <test name="Default test" duration-ms="100148" started-at="2019-12-08T16:09:58Z" finished-at="2019-12-08T16:11:38Z">
      <class name="com.webtest.xinhu.reim.ProcessList">
        <test-method status="PASS" signature="doBeforeClass()[pri:0, instance:com.webtest.xinhu.reim.ProcessList@224edc67]" name="doBeforeClass" is-config="true" duration-ms="15679" started-at="2019-12-08T16:09:58Z" finished-at="2019-12-08T16:10:13Z">
          <reporter-output>
          </reporter-output>
        </test-method> <!-- doBeforeClass -->
        <test-method status="PASS" signature="listAdd(java.lang.String, java.lang.String, java.lang.String, java.lang.String)[pri:0, instance:com.webtest.xinhu.reim.ProcessList@224edc67]" name="listAdd" duration-ms="24549" started-at="2019-12-08T16:10:14Z" description="新增流程模块" data-provider="data5" finished-at="2019-12-08T16:10:38Z">
          <params>
            <param index="0">
              <value>
                <![CDATA[1a1a]]>
              </value>
            </param>
            <param index="1">
              <value>
                <![CDATA[1a1a]]>
              </value>
            </param>
            <param index="2">
              <value>
                <![CDATA[1a1a]]>
              </value>
            </param>
            <param index="3">
              <value>
                <![CDATA[1a1a]]>
              </value>
            </param>
          </params>
          <reporter-output>
          </reporter-output>
        </test-method> <!-- listAdd -->
        <test-method status="PASS" signature="listAdd(java.lang.String, java.lang.String, java.lang.String, java.lang.String)[pri:0, instance:com.webtest.xinhu.reim.ProcessList@224edc67]" name="listAdd" duration-ms="24501" started-at="2019-12-08T16:10:38Z" description="新增流程模块" data-provider="data5" finished-at="2019-12-08T16:11:03Z">
          <params>
            <param index="0">
              <value>
                <![CDATA[哈哈]]>
              </value>
            </param>
            <param index="1">
              <value>
                <![CDATA[嘿嘿]]>
              </value>
            </param>
            <param index="2">
              <value>
                <![CDATA[啦啦]]>
              </value>
            </param>
            <param index="3">
              <value>
                <![CDATA[asd]]>
              </value>
            </param>
          </params>
          <reporter-output>
          </reporter-output>
        </test-method> <!-- listAdd -->
        <test-method status="PASS" signature="listChange()[pri:0, instance:com.webtest.xinhu.reim.ProcessList@224edc67]" name="listChange" duration-ms="21213" started-at="2019-12-08T16:11:03Z" description="编辑流程模块" finished-at="2019-12-08T16:11:24Z">
          <reporter-output>
          </reporter-output>
        </test-method> <!-- listChange -->
        <test-method status="PASS" signature="listDelete()[pri:0, instance:com.webtest.xinhu.reim.ProcessList@224edc67]" name="listDelete" duration-ms="9774" started-at="2019-12-08T16:11:24Z" description="删除流程模块" finished-at="2019-12-08T16:11:34Z">
          <reporter-output>
          </reporter-output>
        </test-method> <!-- listDelete -->
        <test-method status="PASS" signature="doAfterClass()[pri:0, instance:com.webtest.xinhu.reim.ProcessList@224edc67]" name="doAfterClass" is-config="true" duration-ms="4009" started-at="2019-12-08T16:11:34Z" finished-at="2019-12-08T16:11:38Z">
          <reporter-output>
          </reporter-output>
        </test-method> <!-- doAfterClass -->
      </class> <!-- com.webtest.xinhu.reim.ProcessList -->
    </test> <!-- Default test -->
  </suite> <!-- Default suite -->
</testng-results>
