<?xml version="1.0" encoding="UTF-8"?>
<testng-results skipped="0" failed="0" ignored="0" total="1" passed="1">
  <reporter-output>
  </reporter-output>
  <suite name="Default suite" duration-ms="444" started-at="2019-11-14T02:06:06Z" finished-at="2019-11-14T02:06:06Z">
    <groups>
    </groups>
    <test name="Default test" duration-ms="444" started-at="2019-11-14T02:06:06Z" finished-at="2019-11-14T02:06:06Z">
      <class name="com.edu.test.Demo1">
        <test-method status="PASS" signature="t1()[pri:0, instance:com.edu.test.Demo1@224edc67]" name="t1" duration-ms="10" started-at="2019-11-14T02:06:06Z" finished-at="2019-11-14T02:06:06Z">
          <reporter-output>
          </reporter-output>
        </test-method> <!-- t1 -->
      </class> <!-- com.edu.test.Demo1 -->
    </test> <!-- Default test -->
  </suite> <!-- Default suite -->
</testng-results>
