<?xml version="1.0" encoding="UTF-8"?>
<!-- Generated by org.testng.reporters.JUnitXMLReporter -->
<testsuite hostname="DESKTOP-GPM8FV2" ignored="3" name="Default test" tests="1" failures="0" timestamp="05 十二月 2019 03:09:31 GMT" time="22.817" errors="0">
  <testcase name="sendMessage4" time="8.263" classname="com.edu.yanjie.system.IM.conversationManagement.SendMessage"/>
  <testcase name="sendMessage3" time="0.0" classname="com.edu.yanjie.system.IM.conversationManagement.SendMessage">
    <ignored/>
  </testcase> <!-- sendMessage3 -->
  <testcase name="sendMessage1" time="0.0" classname="com.edu.yanjie.system.IM.conversationManagement.SendMessage">
    <ignored/>
  </testcase> <!-- sendMessage1 -->
  <testcase name="sendMessage2" time="0.0" classname="com.edu.yanjie.system.IM.conversationManagement.SendMessage">
    <ignored/>
  </testcase> <!-- sendMessage2 -->
</testsuite> <!-- Default test -->
