<?xml version="1.0" encoding="UTF-8"?>
<testng-results skipped="0" failed="0" ignored="0" total="2" passed="2">
  <reporter-output>
  </reporter-output>
  <suite name="Default suite" duration-ms="39946" started-at="2019-12-10T01:20:34Z" finished-at="2019-12-10T01:21:14Z">
    <groups>
    </groups>
    <test name="Default test" duration-ms="39946" started-at="2019-12-10T01:20:34Z" finished-at="2019-12-10T01:21:14Z">
      <class name="com.edu.system.SearchApply11">
        <test-method status="PASS" signature="doBeforeClass()[pri:0, instance:com.edu.system.SearchApply11@ae45eb6]" name="doBeforeClass" is-config="true" duration-ms="10241" started-at="2019-12-10T01:20:34Z" finished-at="2019-12-10T01:20:44Z">
          <reporter-output>
          </reporter-output>
        </test-method> <!-- doBeforeClass -->
        <test-method status="PASS" signature="LoginDemo1()[pri:0, instance:com.edu.system.SearchApply11@ae45eb6]" name="LoginDemo1" duration-ms="6878" started-at="2019-12-10T01:20:44Z" finished-at="2019-12-10T01:20:51Z">
          <reporter-output>
          </reporter-output>
        </test-method> <!-- LoginDemo1 -->
        <test-method status="PASS" signature="AddApply1()[pri:0, instance:com.edu.system.SearchApply11@ae45eb6]" name="AddApply1" duration-ms="22784" started-at="2019-12-10T01:20:51Z" description="新增工作日报的申请" finished-at="2019-12-10T01:21:14Z">
          <reporter-output>
          </reporter-output>
        </test-method> <!-- AddApply1 -->
      </class> <!-- com.edu.system.SearchApply11 -->
    </test> <!-- Default test -->
  </suite> <!-- Default suite -->
</testng-results>
