<?xml version="1.0" encoding="UTF-8"?>
<testng-results skipped="0" failed="0" ignored="3" total="4" passed="1">
  <reporter-output>
  </reporter-output>
  <suite name="Default suite" duration-ms="22817" started-at="2019-12-05T03:09:09Z" finished-at="2019-12-05T03:09:31Z">
    <groups>
    </groups>
    <test name="Default test" duration-ms="22817" started-at="2019-12-05T03:09:09Z" finished-at="2019-12-05T03:09:31Z">
      <class name="com.edu.yanjie.system.IM.conversationManagement.SendMessage">
        <test-method status="PASS" signature="doBeforeClass()[pri:0, instance:com.edu.yanjie.system.IM.conversationManagement.SendMessage@6f7fd0e6]" name="doBeforeClass" is-config="true" duration-ms="14518" started-at="2019-12-05T03:09:09Z" finished-at="2019-12-05T03:09:23Z">
          <reporter-output>
          </reporter-output>
        </test-method> <!-- doBeforeClass -->
        <test-method status="PASS" signature="sendMessage4()[pri:0, instance:com.edu.yanjie.system.IM.conversationManagement.SendMessage@6f7fd0e6]" name="sendMessage4" duration-ms="8263" started-at="2019-12-05T03:09:23Z" description="发送非图片文件" finished-at="2019-12-05T03:09:31Z">
          <reporter-output>
          </reporter-output>
        </test-method> <!-- sendMessage4 -->
      </class> <!-- com.edu.yanjie.system.IM.conversationManagement.SendMessage -->
    </test> <!-- Default test -->
  </suite> <!-- Default suite -->
</testng-results>
