<?xml version="1.0" encoding="UTF-8"?>
<!-- Generated by org.testng.reporters.JUnitReportReporter -->
<testsuite skipped="0" hostname="小琪琪的XPro" name="com.edu.yanjie.system.systemTools.uploadManagement.UploadManagement" tests="1" failures="0" timestamp="11 十二月 2019 07:23:26 GMT" time="13.045" errors="0">
  <testcase name="viewPhoto" time="13.045" classname="com.edu.yanjie.system.systemTools.uploadManagement.UploadManagement"/>
</testsuite> <!-- com.edu.yanjie.system.systemTools.uploadManagement.UploadManagement -->
